04:31:19 <naten530>: see you later dude, night grinders
04:31:19 <SqueezeMeMacaroni>: Later nates
04:31:19 <SqueezeMeMacaroni>: Also sorry to everyone for spamming with rural Alabama nonsense
04:31:19 <SqueezeMeMacaroni>: We don't meet each other in the wild often
04:31:19 <Shnoops>: this film is pretty similar to films that were released later
04:31:19 <2kings>: that alan smithee guy sure knows how to make a movie eh
04:31:19 <Claypigeon65>: This was ok. 
04:31:19 <2kings>: ive seen worse
04:31:19 <Shnoops>: i liked how there was some mad max in the star wars parts between the armageddon parts
04:31:19 <Shnoops>: corky
04:31:19 <2kings>: #hippiesmoke
04:31:19 <AidanSaul>: Did they steal Basil Pouledoris, or copy him?
04:31:19 <Shnoops>: cowbell
04:31:19 <SqueezeMeCigaretti>: Urban Warios
04:31:19 <2kings>: lol
04:38:12 <s_o_s>: good morning!  can't remember how this one ended last night so now i can see
04:38:40 <s_o_s>: i do remember the =TOP GUN= poster
04:42:45 <SqueezeMeMacaroni>: Also sorry to everyone for spamming with rural Alabama nonsense
04:42:45 <SqueezeMeMacaroni>: We don't meet each other in the wild often
04:42:45 <Shnoops>: this film is pretty similar to films that were released later
04:42:45 <2kings>: that alan smithee guy sure knows how to make a movie eh
04:42:45 <Claypigeon65>: This was ok. 
04:42:45 <2kings>: ive seen worse
04:42:45 <Shnoops>: i liked how there was some mad max in the star wars parts between the armageddon parts
04:42:45 <Shnoops>: corky
04:42:45 <2kings>: #hippiesmoke
04:42:45 <AidanSaul>: Did they steal Basil Pouledoris, or copy him?
04:42:45 <Shnoops>: cowbell
04:42:45 <SqueezeMeCigaretti>: Urban Warios
04:42:45 <2kings>: lol
04:42:45 <s_o_s>: good morning!  can't remember how this one ended last night so now i can see
04:42:45 <s_o_s>: i do remember the =TOP GUN= poster
